This is pdfTeX, Version 3.141592653-2.6-1.40.23 (MiKTeX 21.8) (preloaded format=pdflatex 2021.11.17)  30 APR 2022 18:37
entering extended mode
**./Trabalho-Final-Econometria.tex
(Trabalho-Final-Econometria.tex
LaTeX2e <2021-06-01> patch level 1
L3 programming layer <2021-08-27> (C:\Users\Miguel\AppData\Local\Programs\MiKTe
X\tex/latex/base\article.cls
Document Class: article 2021/02/12 v1.4n Standard LaTeX document class
(C:\Users\Miguel\AppData\Local\Programs\MiKTeX\tex/latex/base\size10.clo
File: size10.clo 2021/02/12 v1.4n Standard LaTeX file (size option)
)
\c@part=\count182
\c@section=\count183
\c@subsection=\count184
\c@subsubsection=\count185
\c@paragraph=\count186
\c@subparagraph=\count187
\c@figure=\count188
\c@table=\count189
\abovecaptionskip=\skip47
\belowcaptionskip=\skip48
\bibindent=\dimen138
) (C:\Users\Miguel\AppData\Local\Programs\MiKTeX\tex/latex/amsmath\amsmath.sty
Package: amsmath 2021/04/20 v2.17j AMS math features
\@mathmargin=\skip49
For additional information on amsmath, use the `?' option.
(C:\Users\Miguel\AppData\Local\Programs\MiKTeX\tex/latex/amsmath\amstext.sty
Package: amstext 2000/06/29 v2.01 AMS text
(C:\Users\Miguel\AppData\Local\Programs\MiKTeX\tex/latex/amsmath\amsgen.sty
File: amsgen.sty 1999/11/30 v2.0 generic functions
\@emptytoks=\toks16
\ex@=\dimen139
)) (C:\Users\Miguel\AppData\Local\Programs\MiKTeX\tex/latex/amsmath\amsbsy.sty
Package: amsbsy 1999/11/29 v1.2d Bold Symbols
\pmbraise@=\dimen140
) (C:\Users\Miguel\AppData\Local\Programs\MiKTeX\tex/latex/amsmath\amsopn.sty
Package: amsopn 2016/03/08 v2.02 operator names
)
\inf@bad=\count190
LaTeX Info: Redefining \frac on input line 234.
\uproot@=\count191
\leftroot@=\count192
LaTeX Info: Redefining \overline on input line 399.
\classnum@=\count193
\DOTSCASE@=\count194
LaTeX Info: Redefining \ldots on input line 496.
LaTeX Info: Redefining \dots on input line 499.
LaTeX Info: Redefining \cdots on input line 620.
\Mathstrutbox@=\box50
\strutbox@=\box51
\big@size=\dimen141
LaTeX Font Info:    Redeclaring font encoding OML on input line 743.
LaTeX Font Info:    Redeclaring font encoding OMS on input line 744.
\macc@depth=\count195
\c@MaxMatrixCols=\count196
\dotsspace@=\muskip16
\c@parentequation=\count197
\dspbrk@lvl=\count198
\tag@help=\toks17
\row@=\count199
\column@=\count266
\maxfields@=\count267
\andhelp@=\toks18
\eqnshift@=\dimen142
\alignsep@=\dimen143
\tagshift@=\dimen144
\tagwidth@=\dimen145
\totwidth@=\dimen146
\lineht@=\dimen147
\@envbody=\toks19
\multlinegap=\skip50
\multlinetaggap=\skip51
\mathdisplay@stack=\toks20
LaTeX Info: Redefining \[ on input line 2923.
LaTeX Info: Redefining \] on input line 2924.
) (C:\Users\Miguel\AppData\Local\Programs\MiKTeX\tex/latex/amsfonts\amssymb.sty
Package: amssymb 2013/01/14 v3.01 AMS font symbols
(C:\Users\Miguel\AppData\Local\Programs\MiKTeX\tex/latex/amsfonts\amsfonts.sty
Package: amsfonts 2013/01/14 v3.01 Basic AMSFonts support
\symAMSa=\mathgroup4
\symAMSb=\mathgroup5
LaTeX Font Info:    Redeclaring math symbol \hbar on input line 98.
LaTeX Font Info:    Overwriting math alphabet `\mathfrak' in version `bold'
(Font)                  U/euf/m/n --> U/euf/b/n on input line 106.
)) (C:\Users\Miguel\AppData\Local\Programs\MiKTeX\tex/latex/lm\lmodern.sty
Package: lmodern 2009/10/30 v1.6 Latin Modern Fonts
LaTeX Font Info:    Overwriting symbol font `operators' in version `normal'
(Font)                  OT1/cmr/m/n --> OT1/lmr/m/n on input line 22.
LaTeX Font Info:    Overwriting symbol font `letters' in version `normal'
(Font)                  OML/cmm/m/it --> OML/lmm/m/it on input line 23.
LaTeX Font Info:    Overwriting symbol font `symbols' in version `normal'
(Font)                  OMS/cmsy/m/n --> OMS/lmsy/m/n on input line 24.
LaTeX Font Info:    Overwriting symbol font `largesymbols' in version `normal'
(Font)                  OMX/cmex/m/n --> OMX/lmex/m/n on input line 25.
LaTeX Font Info:    Overwriting symbol font `operators' in version `bold'
(Font)                  OT1/cmr/bx/n --> OT1/lmr/bx/n on input line 26.
LaTeX Font Info:    Overwriting symbol font `letters' in version `bold'
(Font)                  OML/cmm/b/it --> OML/lmm/b/it on input line 27.
LaTeX Font Info:    Overwriting symbol font `symbols' in version `bold'
(Font)                  OMS/cmsy/b/n --> OMS/lmsy/b/n on input line 28.
LaTeX Font Info:    Overwriting symbol font `largesymbols' in version `bold'
(Font)                  OMX/cmex/m/n --> OMX/lmex/m/n on input line 29.
LaTeX Font Info:    Overwriting math alphabet `\mathbf' in version `normal'
(Font)                  OT1/cmr/bx/n --> OT1/lmr/bx/n on input line 31.
LaTeX Font Info:    Overwriting math alphabet `\mathsf' in version `normal'
(Font)                  OT1/cmss/m/n --> OT1/lmss/m/n on input line 32.
LaTeX Font Info:    Overwriting math alphabet `\mathit' in version `normal'
(Font)                  OT1/cmr/m/it --> OT1/lmr/m/it on input line 33.
LaTeX Font Info:    Overwriting math alphabet `\mathtt' in version `normal'
(Font)                  OT1/cmtt/m/n --> OT1/lmtt/m/n on input line 34.
LaTeX Font Info:    Overwriting math alphabet `\mathbf' in version `bold'
(Font)                  OT1/cmr/bx/n --> OT1/lmr/bx/n on input line 35.
LaTeX Font Info:    Overwriting math alphabet `\mathsf' in version `bold'
(Font)                  OT1/cmss/bx/n --> OT1/lmss/bx/n on input line 36.
LaTeX Font Info:    Overwriting math alphabet `\mathit' in version `bold'
(Font)                  OT1/cmr/bx/it --> OT1/lmr/bx/it on input line 37.
LaTeX Font Info:    Overwriting math alphabet `\mathtt' in version `bold'
(Font)                  OT1/cmtt/m/n --> OT1/lmtt/m/n on input line 38.
) (C:\Users\Miguel\AppData\Local\Programs\MiKTeX\tex/generic/iftex\ifxetex.sty
Package: ifxetex 2019/10/25 v0.7 ifxetex legacy package. Use iftex instead.
(C:\Users\Miguel\AppData\Local\Programs\MiKTeX\tex/generic/iftex\iftex.sty
Package: iftex 2020/03/06 v1.0d TeX engine tests
)) (C:\Users\Miguel\AppData\Local\Programs\MiKTeX\tex/generic/iftex\ifluatex.st
y
Package: ifluatex 2019/10/25 v1.5 ifluatex legacy package. Use iftex instead.
) (C:\Users\Miguel\AppData\Local\Programs\MiKTeX\tex/latex/base\fontenc.sty
Package: fontenc 2021/04/29 v2.0v Standard LaTeX package
LaTeX Font Info:    Trying to load font information for T1+lmr on input line 11
2.
(C:\Users\Miguel\AppData\Local\Programs\MiKTeX\tex/latex/lm\t1lmr.fd
File: t1lmr.fd 2009/10/30 v1.6 Font defs for Latin Modern
)) (C:\Users\Miguel\AppData\Local\Programs\MiKTeX\tex/latex/base\inputenc.sty
Package: inputenc 2021/02/14 v1.3d Input encoding file
\inpenc@prehook=\toks21
\inpenc@posthook=\toks22
) (C:\Users\Miguel\AppData\Local\Programs\MiKTeX\tex/latex/base\textcomp.sty
Package: textcomp 2020/02/02 v2.0n Standard LaTeX package
) (C:\Users\Miguel\AppData\Local\Programs\MiKTeX\tex/latex/upquote\upquote.sty
Package: upquote 2012/04/19 v1.3 upright-quote and grave-accent glyphs in verba
tim
)
(C:\Users\Miguel\AppData\Local\Programs\MiKTeX\tex/latex/microtype\microtype.st
y
Package: microtype 2021/10/31 v3.0 Micro-typographical refinements (RS)
(C:\Users\Miguel\AppData\Local\Programs\MiKTeX\tex/latex/graphics\keyval.sty
Package: keyval 2014/10/28 v1.15 key=value parser (DPC)
\KV@toks@=\toks23
) (C:\Users\Miguel\AppData\Local\Programs\MiKTeX\tex/latex/etoolbox\etoolbox.st
y
Package: etoolbox 2020/10/05 v2.5k e-TeX tools for LaTeX (JAW)
\etb@tempcnta=\count268
)
\MT@toks=\toks24
\MT@count=\count269
\MT@tempbox=\box52
\MT@leftmarginkern=\dimen148
\MT@rightmarginkern=\dimen149
LaTeX Info: Redefining \textls on input line 1114.
\MT@outer@kern=\dimen150
LaTeX Info: Redefining \textmicrotypecontext on input line 1700.
\MT@listname@count=\count270

(C:\Users\Miguel\AppData\Local\Programs\MiKTeX\tex/latex/microtype\microtype-pd
ftex.def
File: microtype-pdftex.def 2021/10/31 v3.0 Definitions specific to pdftex (RS)
LaTeX Info: Redefining \lsstyle on input line 915.
LaTeX Info: Redefining \lslig on input line 915.
\MT@outer@space=\skip52
)
Package microtype Info: Loading configuration file microtype.cfg.

(C:\Users\Miguel\AppData\Local\Programs\MiKTeX\tex/latex/microtype\microtype.cf
g
File: microtype.cfg 2021/10/31 v3.0 microtype main configuration file (RS)
)) (C:\Users\Miguel\AppData\Local\Programs\MiKTeX\tex/latex/parskip\parskip.sty
Package: parskip 2021-03-14 v2.0h non-zero parskip adjustments

(C:\Users\Miguel\AppData\Local\Programs\MiKTeX\tex/latex/kvoptions\kvoptions.st
y
Package: kvoptions 2020-10-07 v3.14 Key value format for package options (HO)
(C:\Users\Miguel\AppData\Local\Programs\MiKTeX\tex/generic/ltxcmds\ltxcmds.sty
Package: ltxcmds 2020-05-10 v1.25 LaTeX kernel commands for general use (HO)
)
(C:\Users\Miguel\AppData\Local\Programs\MiKTeX\tex/generic/kvsetkeys\kvsetkeys.
sty
Package: kvsetkeys 2019/12/15 v1.18 Key value parser (HO)
))) (C:\Users\Miguel\AppData\Local\Programs\MiKTeX\tex/latex/xcolor\xcolor.sty
Package: xcolor 2016/05/11 v2.12 LaTeX color extensions (UK)

(C:\Users\Miguel\AppData\Local\Programs\MiKTeX\tex/latex/graphics-cfg\color.cfg
File: color.cfg 2016/01/02 v1.6 sample color configuration
)
Package xcolor Info: Driver file: pdftex.def on input line 225.

(C:\Users\Miguel\AppData\Local\Programs\MiKTeX\tex/latex/graphics-def\pdftex.de
f
File: pdftex.def 2020/10/05 v1.2a Graphics/color driver for pdftex
)
Package xcolor Info: Model `cmy' substituted by `cmy0' on input line 1348.
Package xcolor Info: Model `hsb' substituted by `rgb' on input line 1352.
Package xcolor Info: Model `RGB' extended on input line 1364.
Package xcolor Info: Model `HTML' substituted by `rgb' on input line 1366.
Package xcolor Info: Model `Hsb' substituted by `hsb' on input line 1367.
Package xcolor Info: Model `tHsb' substituted by `hsb' on input line 1368.
Package xcolor Info: Model `HSB' substituted by `hsb' on input line 1369.
Package xcolor Info: Model `Gray' substituted by `gray' on input line 1370.
Package xcolor Info: Model `wave' substituted by `hsb' on input line 1371.
) (C:\Users\Miguel\AppData\Local\Programs\MiKTeX\tex/latex/xurl\xurl.sty
Package: xurl 2020/12/30 v 0.09a modify URL breaks
(C:\Users\Miguel\AppData\Local\Programs\MiKTeX\tex/latex/url\url.sty
\Urlmuskip=\muskip17
Package: url 2013/09/16  ver 3.4  Verb mode for urls, etc.
)) (C:\Users\Miguel\AppData\Local\Programs\MiKTeX\tex/latex/bookmark\bookmark.s
ty
Package: bookmark 2020-11-06 v1.29 PDF bookmarks (HO)
(C:\Users\Miguel\AppData\Local\Programs\MiKTeX\tex/latex/hyperref\hyperref.sty
Package: hyperref 2021-06-07 v7.00m Hypertext links for LaTeX

(C:\Users\Miguel\AppData\Local\Programs\MiKTeX\tex/generic/pdftexcmds\pdftexcmd
s.sty
Package: pdftexcmds 2020-06-27 v0.33 Utility functions of pdfTeX for LuaTeX (HO
)

(C:\Users\Miguel\AppData\Local\Programs\MiKTeX\tex/generic/infwarerr\infwarerr.
sty
Package: infwarerr 2019/12/03 v1.5 Providing info/warning/error messages (HO)
)
Package pdftexcmds Info: \pdf@primitive is available.
Package pdftexcmds Info: \pdf@ifprimitive is available.
Package pdftexcmds Info: \pdfdraftmode found.
)
(C:\Users\Miguel\AppData\Local\Programs\MiKTeX\tex/generic/kvdefinekeys\kvdefin
ekeys.sty
Package: kvdefinekeys 2019-12-19 v1.6 Define keys (HO)
)
(C:\Users\Miguel\AppData\Local\Programs\MiKTeX\tex/generic/pdfescape\pdfescape.
sty
Package: pdfescape 2019/12/09 v1.15 Implements pdfTeX's escape features (HO)
) (C:\Users\Miguel\AppData\Local\Programs\MiKTeX\tex/latex/hycolor\hycolor.sty
Package: hycolor 2020-01-27 v1.10 Color options for hyperref/bookmark (HO)
)
(C:\Users\Miguel\AppData\Local\Programs\MiKTeX\tex/latex/letltxmacro\letltxmacr
o.sty
Package: letltxmacro 2019/12/03 v1.6 Let assignment for LaTeX macros (HO)
) (C:\Users\Miguel\AppData\Local\Programs\MiKTeX\tex/latex/auxhook\auxhook.sty
Package: auxhook 2019-12-17 v1.6 Hooks for auxiliary files (HO)
)
\@linkdim=\dimen151
\Hy@linkcounter=\count271
\Hy@pagecounter=\count272
(C:\Users\Miguel\AppData\Local\Programs\MiKTeX\tex/latex/hyperref\pd1enc.def
File: pd1enc.def 2021-06-07 v7.00m Hyperref: PDFDocEncoding definition (HO)
Now handling font encoding PD1 ...
... no UTF-8 mapping file for font encoding PD1
)
(C:\Users\Miguel\AppData\Local\Programs\MiKTeX\tex/latex/hyperref\hyperref-lang
patches.def
File: hyperref-langpatches.def 2021-06-07 v7.00m Hyperref: patches for babel la
nguages
) (C:\Users\Miguel\AppData\Local\Programs\MiKTeX\tex/generic/intcalc\intcalc.st
y
Package: intcalc 2019/12/15 v1.3 Expandable calculations with integers (HO)
)
(C:\Users\Miguel\AppData\Local\Programs\MiKTeX\tex/generic/etexcmds\etexcmds.st
y
Package: etexcmds 2019/12/15 v1.7 Avoid name clashes with e-TeX commands (HO)
)
\Hy@SavedSpaceFactor=\count273
(C:\Users\Miguel\AppData\Local\Programs\MiKTeX\tex/latex/hyperref\puenc.def
File: puenc.def 2021-06-07 v7.00m Hyperref: PDF Unicode definition (HO)
Now handling font encoding PU ...
... no UTF-8 mapping file for font encoding PU
)
Package hyperref Info: Option `unicode' set `true' on input line 4073.
Package hyperref Info: Hyper figures OFF on input line 4192.
Package hyperref Info: Link nesting OFF on input line 4197.
Package hyperref Info: Hyper index ON on input line 4200.
Package hyperref Info: Plain pages OFF on input line 4207.
Package hyperref Info: Backreferencing OFF on input line 4212.
Package hyperref Info: Implicit mode ON; LaTeX internals redefined.
Package hyperref Info: Bookmarks ON on input line 4445.
\c@Hy@tempcnt=\count274
LaTeX Info: Redefining \url on input line 4804.
\XeTeXLinkMargin=\dimen152
(C:\Users\Miguel\AppData\Local\Programs\MiKTeX\tex/generic/bitset\bitset.sty
Package: bitset 2019/12/09 v1.3 Handle bit-vector datatype (HO)

(C:\Users\Miguel\AppData\Local\Programs\MiKTeX\tex/generic/bigintcalc\bigintcal
c.sty
Package: bigintcalc 2019/12/15 v1.5 Expandable calculations on big integers (HO
)
))
\Fld@menulength=\count275
\Field@Width=\dimen153
\Fld@charsize=\dimen154
Package hyperref Info: Hyper figures OFF on input line 6076.
Package hyperref Info: Link nesting OFF on input line 6081.
Package hyperref Info: Hyper index ON on input line 6084.
Package hyperref Info: backreferencing OFF on input line 6091.
Package hyperref Info: Link coloring OFF on input line 6096.
Package hyperref Info: Link coloring with OCG OFF on input line 6101.
Package hyperref Info: PDF/A mode OFF on input line 6106.
LaTeX Info: Redefining \ref on input line 6146.
LaTeX Info: Redefining \pageref on input line 6150.
(C:\Users\Miguel\AppData\Local\Programs\MiKTeX\tex/latex/base\atbegshi-ltx.sty
Package: atbegshi-ltx 2021/01/10 v1.0c Emulation of the original atbegshi
package with kernel methods
)
\Hy@abspage=\count276
\c@Item=\count277
\c@Hfootnote=\count278
)
Package hyperref Info: Driver (autodetected): hpdftex.
(C:\Users\Miguel\AppData\Local\Programs\MiKTeX\tex/latex/hyperref\hpdftex.def
File: hpdftex.def 2021-06-07 v7.00m Hyperref driver for pdfTeX

(C:\Users\Miguel\AppData\Local\Programs\MiKTeX\tex/latex/base\atveryend-ltx.sty
Package: atveryend-ltx 2020/08/19 v1.0a Emulation of the original atvery packag
e
with kernel methods
)
\Fld@listcount=\count279
\c@bookmark@seq@number=\count280

(C:\Users\Miguel\AppData\Local\Programs\MiKTeX\tex/latex/rerunfilecheck\rerunfi
lecheck.sty
Package: rerunfilecheck 2019/12/05 v1.9 Rerun checks for auxiliary files (HO)

(C:\Users\Miguel\AppData\Local\Programs\MiKTeX\tex/generic/uniquecounter\unique
counter.sty
Package: uniquecounter 2019/12/15 v1.4 Provide unlimited unique counter (HO)
)
Package uniquecounter Info: New unique counter `rerunfilecheck' on input line 2
86.
)
\Hy@SectionHShift=\skip53
)
(C:\Users\Miguel\AppData\Local\Programs\MiKTeX\tex/latex/bookmark\bkm-pdftex.de
f
File: bkm-pdftex.def 2020-11-06 v1.29 bookmark driver for pdfTeX (HO)
\BKM@id=\count281
)) (C:\Users\Miguel\AppData\Local\Programs\MiKTeX\tex/latex/geometry\geometry.s
ty
Package: geometry 2020/01/02 v5.9 Page Geometry
(C:\Users\Miguel\AppData\Local\Programs\MiKTeX\tex/generic/iftex\ifvtex.sty
Package: ifvtex 2019/10/25 v1.7 ifvtex legacy package. Use iftex instead.
)
\Gm@cnth=\count282
\Gm@cntv=\count283
\c@Gm@tempcnt=\count284
\Gm@bindingoffset=\dimen155
\Gm@wd@mp=\dimen156
\Gm@odd@mp=\dimen157
\Gm@even@mp=\dimen158
\Gm@layoutwidth=\dimen159
\Gm@layoutheight=\dimen160
\Gm@layouthoffset=\dimen161
\Gm@layoutvoffset=\dimen162
\Gm@dimlist=\toks25
(C:\Users\Miguel\AppData\Local\Programs\MiKTeX\tex/latex/geometry\geometry.cfg)
) (C:\Users\Miguel\AppData\Local\Programs\MiKTeX\tex/latex/fancyvrb\fancyvrb.st
y
Package: fancyvrb 2022/04/12 4.2 verbatim text (tvz,hv)
\FV@CodeLineNo=\count285
\FV@InFile=\read2
\FV@TabBox=\box53
\c@FancyVerbLine=\count286
\FV@StepNumber=\count287
\FV@OutFile=\write3
) (C:\Users\Miguel\AppData\Local\Programs\MiKTeX\tex/latex/framed\framed.sty
Package: framed 2011/10/22 v 0.96: framed or shaded text with page breaks
\OuterFrameSep=\skip54
\fb@frw=\dimen163
\fb@frh=\dimen164
\FrameRule=\dimen165
\FrameSep=\dimen166
) (C:\Users\Miguel\AppData\Local\Programs\MiKTeX\tex/latex/tools\longtable.sty
Package: longtable 2021-05-07 v4.16 Multi-page Table package (DPC)
\LTleft=\skip55
\LTright=\skip56
\LTpre=\skip57
\LTpost=\skip58
\LTchunksize=\count288
\LTcapwidth=\dimen167
\LT@head=\box54
\LT@firsthead=\box55
\LT@foot=\box56
\LT@lastfoot=\box57
\LT@gbox=\box58
\LT@cols=\count289
\LT@rows=\count290
\c@LT@tables=\count291
\c@LT@chunks=\count292
\LT@p@ftn=\toks26
) (C:\Users\Miguel\AppData\Local\Programs\MiKTeX\tex/latex/booktabs\booktabs.st
y
Package: booktabs 2020/01/12 v1.61803398 Publication quality tables
\heavyrulewidth=\dimen168
\lightrulewidth=\dimen169
\cmidrulewidth=\dimen170
\belowrulesep=\dimen171
\belowbottomsep=\dimen172
\aboverulesep=\dimen173
\abovetopsep=\dimen174
\cmidrulesep=\dimen175
\cmidrulekern=\dimen176
\defaultaddspace=\dimen177
\@cmidla=\count293
\@cmidlb=\count294
\@aboverulesep=\dimen178
\@belowrulesep=\dimen179
\@thisruleclass=\count295
\@lastruleclass=\count296
\@thisrulewidth=\dimen180
) (C:\Users\Miguel\AppData\Local\Programs\MiKTeX\tex/latex/tools\array.sty
Package: array 2021/04/20 v2.5e Tabular extension package (FMi)
\col@sep=\dimen181
\ar@mcellbox=\box59
\extrarowheight=\dimen182
\NC@list=\toks27
\extratabsurround=\skip59
\backup@length=\skip60
\ar@cellbox=\box60
) (C:\Users\Miguel\AppData\Local\Programs\MiKTeX\tex/latex/tools\calc.sty
Package: calc 2017/05/25 v4.3 Infix arithmetic (KKT,FJ)
\calc@Acount=\count297
\calc@Bcount=\count298
\calc@Adimen=\dimen183
\calc@Bdimen=\dimen184
\calc@Askip=\skip61
\calc@Bskip=\skip62
LaTeX Info: Redefining \setlength on input line 80.
LaTeX Info: Redefining \addtolength on input line 81.
\calc@Ccount=\count299
\calc@Cskip=\skip63
)
(C:\Users\Miguel\AppData\Local\Programs\MiKTeX\tex/latex/footnotehyper\footnote
hyper.sty
Package: footnotehyper 2021/08/13 v1.1e hyperref aware footnote.sty (JFB)
\FNH@notes=\box61
\FNH@width=\dimen185
\FNH@toks=\toks28
) (C:\Users\Miguel\AppData\Local\Programs\MiKTeX\tex/latex/graphics\graphicx.st
y
Package: graphicx 2020/12/05 v1.2c Enhanced LaTeX Graphics (DPC,SPQR)
(C:\Users\Miguel\AppData\Local\Programs\MiKTeX\tex/latex/graphics\graphics.sty
Package: graphics 2021/03/04 v1.4d Standard LaTeX Graphics (DPC,SPQR)
(C:\Users\Miguel\AppData\Local\Programs\MiKTeX\tex/latex/graphics\trig.sty
Package: trig 2016/01/03 v1.10 sin cos tan (DPC)
)
(C:\Users\Miguel\AppData\Local\Programs\MiKTeX\tex/latex/graphics-cfg\graphics.
cfg
File: graphics.cfg 2016/06/04 v1.11 sample graphics configuration
)
Package graphics Info: Driver file: pdftex.def on input line 107.
)
\Gin@req@height=\dimen186
\Gin@req@width=\dimen187
)
(C:\Users\Miguel\AppData\Local\Programs\MiKTeX\tex/latex/l3backend\l3backend-pd
ftex.def
File: l3backend-pdftex.def 2021-08-04 L3 backend support: PDF output (pdfTeX)
\l__color_backend_stack_int=\count300
\l__pdf_internal_box=\box62
) (Trabalho-Final-Econometria.aux)
\openout1 = `Trabalho-Final-Econometria.aux'.

LaTeX Font Info:    Checking defaults for OML/cmm/m/it on input line 120.
LaTeX Font Info:    ... okay on input line 120.
LaTeX Font Info:    Checking defaults for OMS/cmsy/m/n on input line 120.
LaTeX Font Info:    ... okay on input line 120.
LaTeX Font Info:    Checking defaults for OT1/cmr/m/n on input line 120.
LaTeX Font Info:    ... okay on input line 120.
LaTeX Font Info:    Checking defaults for T1/cmr/m/n on input line 120.
LaTeX Font Info:    ... okay on input line 120.
LaTeX Font Info:    Checking defaults for TS1/cmr/m/n on input line 120.
LaTeX Font Info:    ... okay on input line 120.
LaTeX Font Info:    Checking defaults for OMX/cmex/m/n on input line 120.
LaTeX Font Info:    ... okay on input line 120.
LaTeX Font Info:    Checking defaults for U/cmr/m/n on input line 120.
LaTeX Font Info:    ... okay on input line 120.
LaTeX Font Info:    Checking defaults for PD1/pdf/m/n on input line 120.
LaTeX Font Info:    ... okay on input line 120.
LaTeX Font Info:    Checking defaults for PU/pdf/m/n on input line 120.
LaTeX Font Info:    ... okay on input line 120.
LaTeX Info: Redefining \microtypecontext on input line 120.
Package microtype Info: Applying patch `item' on input line 120.
Package microtype Info: Applying patch `toc' on input line 120.
Package microtype Info: Applying patch `eqnum' on input line 120.
Package microtype Info: Applying patch `footnote' on input line 120.
Package microtype Info: Generating PDF output.
Package microtype Info: Character protrusion enabled (level 2).
Package microtype Info: Using protrusion set `basicmath'.
Package microtype Info: Automatic font expansion enabled (level 2),
(microtype)             stretch: 20, shrink: 20, step: 1, non-selected.
Package microtype Info: Using default expansion set `alltext-nott'.
LaTeX Info: Redefining \showhyphens on input line 120.
Package microtype Info: No adjustment of tracking.
Package microtype Info: No adjustment of interword spacing.
Package microtype Info: No adjustment of character kerning.
(C:\Users\Miguel\AppData\Local\Programs\MiKTeX\tex/latex/microtype\mt-cmr.cfg
File: mt-cmr.cfg 2013/05/19 v2.2 microtype config. file: Computer Modern Roman 
(RS)
)
(C:\Users\Miguel\AppData\Local\Programs\MiKTeX\tex/context/base/mkii\supp-pdf.m
kii
[Loading MPS to PDF converter (version 2006.09.02).]
\scratchcounter=\count301
\scratchdimen=\dimen188
\scratchbox=\box63
\nofMPsegments=\count302
\nofMParguments=\count303
\everyMPshowfont=\toks29
\MPscratchCnt=\count304
\MPscratchDim=\dimen189
\MPnumerator=\count305
\makeMPintoPDFobject=\count306
\everyMPtoPDFconversion=\toks30
)
(C:\Users\Miguel\AppData\Local\Programs\MiKTeX\tex/latex/epstopdf-pkg\epstopdf-
base.sty
Package: epstopdf-base 2020-01-24 v2.11 Base part for package epstopdf
Package epstopdf-base Info: Redefining graphics rule for `.eps' on input line 4
85.

(C:\Users\Miguel\AppData\Local\Programs\MiKTeX\tex/latex/00miktex\epstopdf-sys.
cfg
File: epstopdf-sys.cfg 2021/03/18 v2.0 Configuration of epstopdf for MiKTeX
))
Package hyperref Info: Link coloring OFF on input line 120.
(C:\Users\Miguel\AppData\Local\Programs\MiKTeX\tex/latex/hyperref\nameref.sty
Package: nameref 2021-04-02 v2.47 Cross-referencing by name of section
(C:\Users\Miguel\AppData\Local\Programs\MiKTeX\tex/latex/refcount\refcount.sty
Package: refcount 2019/12/15 v3.6 Data extraction from label references (HO)
)
(C:\Users\Miguel\AppData\Local\Programs\MiKTeX\tex/generic/gettitlestring\getti
tlestring.sty
Package: gettitlestring 2019/12/15 v1.6 Cleanup title references (HO)
)
\c@section@level=\count307
)
LaTeX Info: Redefining \ref on input line 120.
LaTeX Info: Redefining \pageref on input line 120.
LaTeX Info: Redefining \nameref on input line 120.
*geometry* driver: auto-detecting
*geometry* detected driver: pdftex
*geometry* verbose mode - [ preamble ] result:
* driver: pdftex
* paper: <default>
* layout: <same size as paper>
* layoutoffset:(h,v)=(0.0pt,0.0pt)
* modes: 
* h-part:(L,W,R)=(72.26999pt, 469.75502pt, 72.26999pt)
* v-part:(T,H,B)=(72.26999pt, 650.43001pt, 72.26999pt)
* \paperwidth=614.295pt
* \paperheight=794.96999pt
* \textwidth=469.75502pt
* \textheight=650.43001pt
* \oddsidemargin=0.0pt
* \evensidemargin=0.0pt
* \topmargin=-37.0pt
* \headheight=12.0pt
* \headsep=25.0pt
* \topskip=10.0pt
* \footskip=30.0pt
* \marginparwidth=65.0pt
* \marginparsep=11.0pt
* \columnsep=10.0pt
* \skip\footins=9.0pt plus 4.0pt minus 2.0pt
* \hoffset=0.0pt
* \voffset=0.0pt
* \mag=1000
* \@twocolumnfalse
* \@twosidefalse
* \@mparswitchfalse
* \@reversemarginfalse
* (1in=72.27pt=25.4mm, 1cm=28.453pt)

LaTeX Font Info:    Trying to load font information for OT1+lmr on input line 1
22.
(C:\Users\Miguel\AppData\Local\Programs\MiKTeX\tex/latex/lm\ot1lmr.fd
File: ot1lmr.fd 2009/10/30 v1.6 Font defs for Latin Modern
)
LaTeX Font Info:    Trying to load font information for OML+lmm on input line 1
22.
(C:\Users\Miguel\AppData\Local\Programs\MiKTeX\tex/latex/lm\omllmm.fd
File: omllmm.fd 2009/10/30 v1.6 Font defs for Latin Modern
)
LaTeX Font Info:    Trying to load font information for OMS+lmsy on input line 
122.
(C:\Users\Miguel\AppData\Local\Programs\MiKTeX\tex/latex/lm\omslmsy.fd
File: omslmsy.fd 2009/10/30 v1.6 Font defs for Latin Modern
)
LaTeX Font Info:    Trying to load font information for OMX+lmex on input line 
122.
(C:\Users\Miguel\AppData\Local\Programs\MiKTeX\tex/latex/lm\omxlmex.fd
File: omxlmex.fd 2009/10/30 v1.6 Font defs for Latin Modern
)
LaTeX Font Info:    External font `lmex10' loaded for size
(Font)              <12> on input line 122.
LaTeX Font Info:    External font `lmex10' loaded for size
(Font)              <8> on input line 122.
LaTeX Font Info:    External font `lmex10' loaded for size
(Font)              <6> on input line 122.
LaTeX Font Info:    Trying to load font information for U+msa on input line 122
.
(C:\Users\Miguel\AppData\Local\Programs\MiKTeX\tex/latex/amsfonts\umsa.fd
File: umsa.fd 2013/01/14 v3.01 AMS symbols A
) (C:\Users\Miguel\AppData\Local\Programs\MiKTeX\tex/latex/microtype\mt-msa.cfg
File: mt-msa.cfg 2006/02/04 v1.1 microtype config. file: AMS symbols (a) (RS)
)
LaTeX Font Info:    Trying to load font information for U+msb on input line 122
.
(C:\Users\Miguel\AppData\Local\Programs\MiKTeX\tex/latex/amsfonts\umsb.fd
File: umsb.fd 2013/01/14 v3.01 AMS symbols B
) (C:\Users\Miguel\AppData\Local\Programs\MiKTeX\tex/latex/microtype\mt-msb.cfg
File: mt-msb.cfg 2005/06/01 v1.0 microtype config. file: AMS symbols (b) (RS)
)
Overfull \hbox (40.94904pt too wide) in paragraph at lines 127--128
[]|\T1/lmr/m/n/10 (-20) INTRODUÇÃO|  
 []


Overfull \hbox (8.34802pt too wide) in paragraph at lines 128--157
\T1/lmr/m/n/10 (-20) cionadas 
 []


Overfull \hbox (9.38217pt too wide) in paragraph at lines 128--157
\T1/lmr/m/n/10 (-20) tamanho 
 []


Overfull \hbox (12.45691pt too wide) in paragraph at lines 128--157
\T1/lmr/m/n/10 (-20) brasileiro, 
 []


Overfull \hbox (3.97633pt too wide) in paragraph at lines 128--157
\T1/lmr/m/n/10 (-20) período 
 []


Overfull \hbox (7.7693pt too wide) in paragraph at lines 128--157
\T1/lmr/m/n/10 (-20) seguinte, 
 []


Overfull \hbox (3.97633pt too wide) in paragraph at lines 128--157
\T1/lmr/m/n/10 (-20) período 
 []


Overfull \hbox (0.72583pt too wide) in paragraph at lines 128--157
\T1/lmr/m/n/10 (-20) danças 
 []


Overfull \hbox (0.99103pt too wide) in paragraph at lines 128--157
\T1/lmr/m/n/10 (-20) etárias. 
 []


Overfull \hbox (7.08664pt too wide) in paragraph at lines 128--157
\T1/lmr/m/n/10 (-20) destacar 
 []


Overfull \hbox (19.56158pt too wide) in paragraph at lines 128--157
\T1/lmr/m/n/10 (-20) Econômica, 
 []


Overfull \hbox (3.97633pt too wide) in paragraph at lines 128--157
\T1/lmr/m/n/10 (-20) período 
 []


Overfull \hbox (0.72585pt too wide) in paragraph at lines 128--157
\T1/lmr/m/n/10 (-20) análise 
 []


Overfull \hbox (3.97633pt too wide) in paragraph at lines 128--157
\T1/lmr/m/n/10 (-20) período 
 []


Overfull \hbox (3.97633pt too wide) in paragraph at lines 128--157
\T1/lmr/m/n/10 (-20) período 
 []


Overfull \hbox (22.4759pt too wide) in paragraph at lines 128--157
\T1/lmr/m/n/10 (-20) começariam 
 []


Overfull \hbox (7.80325pt too wide) in paragraph at lines 128--157
\T1/lmr/m/n/10 (-20) primeiro 
 []


Overfull \hbox (4.2651pt too wide) in paragraph at lines 128--157
\T1/lmr/m/n/10 (-20) questão 
 []


Overfull \hbox (3.97633pt too wide) in paragraph at lines 128--157
\T1/lmr/m/n/10 (-20) período 
 []


Overfull \hbox (4.56416pt too wide) in paragraph at lines 128--157
\T1/lmr/m/n/10 (-20) grandes 
 []


Overfull \hbox (0.72583pt too wide) in paragraph at lines 128--157
\T1/lmr/m/n/10 (-20) danças 
 []


Overfull \hbox (0.72583pt too wide) in paragraph at lines 128--157
\T1/lmr/m/n/10 (-20) danças 
 []


Overfull \hbox (2.31169pt too wide) in paragraph at lines 128--157
\T1/lmr/m/n/10 (-20) volvida 
 []


Overfull \hbox (0.72585pt too wide) in paragraph at lines 128--157
\T1/lmr/m/n/10 (-20) análise 
 []


Overfull \hbox (27.9208pt too wide) in paragraph at lines 128--157
\T1/lmr/m/n/10 (-20) econométrica 
 []


Overfull \hbox (2.441pt too wide) in paragraph at lines 128--157
\T1/lmr/m/n/10 (-20) gressão 
 []


Overfull \hbox (19.26416pt too wide) in paragraph at lines 128--157
\T1/lmr/m/n/10 (-20) planatórias 
 []


Overfull \hbox (1.24295pt too wide) in paragraph at lines 128--157
\T1/lmr/m/n/10 (-20) Salário 
 []


Overfull \hbox (24.49109pt too wide) in paragraph at lines 128--157
\T1/lmr/m/n/10 (-20) IPCA(x3).O 
 []


Overfull \hbox (2.441pt too wide) in paragraph at lines 128--157
\T1/lmr/m/n/10 (-20) gressão 
 []


Overfull \hbox (12.89006pt too wide) in paragraph at lines 128--157
\T1/lmr/m/n/10 (-20) metodolo- 
 []

[1

{C:/Users/Miguel/AppData/Local/MiKTeX/pdftex/config/pdftex.map}] [2] [3]
LaTeX Font Info:    Trying to load font information for T1+lmtt on input line 2
67.
(C:\Users\Miguel\AppData\Local\Programs\MiKTeX\tex/latex/lm\t1lmtt.fd
File: t1lmtt.fd 2009/10/30 v1.6 Font defs for Latin Modern
)
LaTeX Font Info:    Trying to load font information for TS1+lmtt on input line 
286.
(C:\Users\Miguel\AppData\Local\Programs\MiKTeX\tex/latex/lm\ts1lmtt.fd
File: ts1lmtt.fd 2009/10/30 v1.6 Font defs for Latin Modern
) [4]
Overfull \hbox (564.49197pt too wide) in paragraph at lines 354--354
[]                                                                             
                                                                               
                \T1/lmtt/m/n/10 Validamos a Base de dados[] 
 []

[5] [6]
<Trabalho-Final-Econometria_files/figure-latex/unnamed-chunk-6-1.pdf, id=35, 46
9.755pt x 325.215pt>
File: Trabalho-Final-Econometria_files/figure-latex/unnamed-chunk-6-1.pdf Graph
ic file (type pdf)
<use Trabalho-Final-Econometria_files/figure-latex/unnamed-chunk-6-1.pdf>
Package pdftex.def Info: Trabalho-Final-Econometria_files/figure-latex/unnamed-
chunk-6-1.pdf  used on input line 510.
(pdftex.def)             Requested size: 469.75386pt x 325.2142pt.
<Trabalho-Final-Econometria_files/figure-latex/unnamed-chunk-6-2.pdf, id=36, 46
9.755pt x 325.215pt>
File: Trabalho-Final-Econometria_files/figure-latex/unnamed-chunk-6-2.pdf Graph
ic file (type pdf)
<use Trabalho-Final-Econometria_files/figure-latex/unnamed-chunk-6-2.pdf>
Package pdftex.def Info: Trabalho-Final-Econometria_files/figure-latex/unnamed-
chunk-6-2.pdf  used on input line 511.
(pdftex.def)             Requested size: 469.75386pt x 325.2142pt.
<Trabalho-Final-Econometria_files/figure-latex/unnamed-chunk-6-3.pdf, id=37, 46
9.755pt x 325.215pt>
File: Trabalho-Final-Econometria_files/figure-latex/unnamed-chunk-6-3.pdf Graph
ic file (type pdf)
<use Trabalho-Final-Econometria_files/figure-latex/unnamed-chunk-6-3.pdf>
Package pdftex.def Info: Trabalho-Final-Econometria_files/figure-latex/unnamed-
chunk-6-3.pdf  used on input line 512.
(pdftex.def)             Requested size: 469.75386pt x 325.2142pt.
<Trabalho-Final-Econometria_files/figure-latex/unnamed-chunk-6-4.pdf, id=38, 46
9.755pt x 325.215pt>
File: Trabalho-Final-Econometria_files/figure-latex/unnamed-chunk-6-4.pdf Graph
ic file (type pdf)
<use Trabalho-Final-Econometria_files/figure-latex/unnamed-chunk-6-4.pdf>
Package pdftex.def Info: Trabalho-Final-Econometria_files/figure-latex/unnamed-
chunk-6-4.pdf  used on input line 513.
(pdftex.def)             Requested size: 469.75386pt x 325.2142pt.

Underfull \hbox (badness 10000) in paragraph at lines 510--519
[][]
 []


Underfull \hbox (badness 10000) in paragraph at lines 510--519
[]
 []


Underfull \hbox (badness 10000) in paragraph at lines 510--519
[]
 []


Underfull \hbox (badness 10000) in paragraph at lines 510--519
[]
 []

[7 <./Trabalho-Final-Econometria_files/figure-latex/unnamed-chunk-6-1.pdf>] [8 
<./Trabalho-Final-Econometria_files/figure-latex/unnamed-chunk-6-2.pdf>] [9 <./
Trabalho-Final-Econometria_files/figure-latex/unnamed-chunk-6-3.pdf>] [10 <./Tr
abalho-Final-Econometria_files/figure-latex/unnamed-chunk-6-4.pdf>]
<Trabalho-Final-Econometria_files/figure-latex/unnamed-chunk-9-1.pdf, id=76, 46
9.755pt x 325.215pt>
File: Trabalho-Final-Econometria_files/figure-latex/unnamed-chunk-9-1.pdf Graph
ic file (type pdf)
<use Trabalho-Final-Econometria_files/figure-latex/unnamed-chunk-9-1.pdf>
Package pdftex.def Info: Trabalho-Final-Econometria_files/figure-latex/unnamed-
chunk-9-1.pdf  used on input line 592.
(pdftex.def)             Requested size: 469.75386pt x 325.2142pt.
[11 <./Trabalho-Final-Econometria_files/figure-latex/unnamed-chunk-9-1.pdf>] [1
2] [13]
<Trabalho-Final-Econometria_files/figure-latex/unnamed-chunk-19-1.pdf, id=95, 4
69.755pt x 325.215pt>
File: Trabalho-Final-Econometria_files/figure-latex/unnamed-chunk-19-1.pdf Grap
hic file (type pdf)
<use Trabalho-Final-Econometria_files/figure-latex/unnamed-chunk-19-1.pdf>
Package pdftex.def Info: Trabalho-Final-Econometria_files/figure-latex/unnamed-
chunk-19-1.pdf  used on input line 837.
(pdftex.def)             Requested size: 469.75386pt x 325.2142pt.
[14]
<Trabalho-Final-Econometria_files/figure-latex/unnamed-chunk-20-1.pdf, id=100, 
469.755pt x 325.215pt>
File: Trabalho-Final-Econometria_files/figure-latex/unnamed-chunk-20-1.pdf Grap
hic file (type pdf)
<use Trabalho-Final-Econometria_files/figure-latex/unnamed-chunk-20-1.pdf>
Package pdftex.def Info: Trabalho-Final-Econometria_files/figure-latex/unnamed-
chunk-20-1.pdf  used on input line 854.
(pdftex.def)             Requested size: 469.75386pt x 325.2142pt.
[15 <./Trabalho-Final-Econometria_files/figure-latex/unnamed-chunk-19-1.pdf>] [
16 <./Trabalho-Final-Econometria_files/figure-latex/unnamed-chunk-20-1.pdf>]
LaTeX Font Info:    External font `lmex10' loaded for size
(Font)              <10> on input line 901.
LaTeX Font Info:    External font `lmex10' loaded for size
(Font)              <7> on input line 901.
LaTeX Font Info:    External font `lmex10' loaded for size
(Font)              <5> on input line 901.
[17] (Trabalho-Final-Econometria.aux) ) 
Here is how much of TeX's memory you used:
 13693 strings out of 478927
 210942 string characters out of 2852060
 569217 words of memory out of 3000000
 31186 multiletter control sequences out of 15000+600000
 444429 words of font info for 113 fonts, out of 8000000 for 9000
 1141 hyphenation exceptions out of 8191
 74i,6n,80p,1025b,517s stack positions out of 5000i,500n,10000p,200000b,80000s
{C:/Users/Miguel/AppData/Local/Programs/
MiKTeX/fonts/enc/dvips/lm/lm-ts1.enc}{C:/Users/Miguel/AppData/Local/Programs/Mi
KTeX/fonts/enc/dvips/lm/lm-ec.enc}<C:/Users/Miguel/AppData/Local/Programs/MiKTe
X/fonts/type1/public/lm/lmbx10.pfb><C:/Users/Miguel/AppData/Local/Programs/MiKT
eX/fonts/type1/public/lm/lmr10.pfb><C:/Users/Miguel/AppData/Local/Programs/MiKT
eX/fonts/type1/public/lm/lmr12.pfb><C:/Users/Miguel/AppData/Local/Programs/MiKT
eX/fonts/type1/public/lm/lmr17.pfb><C:/Users/Miguel/AppData/Local/Programs/MiKT
eX/fonts/type1/public/lm/lmtt10.pfb>
Output written on Trabalho-Final-Econometria.pdf (17 pages, 342292 bytes).
PDF statistics:
 160 PDF objects out of 1000 (max. 8388607)
 19 named destinations out of 1000 (max. 500000)
 20516 words of extra memory for PDF output out of 20736 (max. 10000000)

